This is pdfTeX, Version 3.14159-1.10b (Web2C 7.4.5) (format=pdflatex 2006.5.6)  12 JUN 2006 21:30
**a2.tex
(./a2.tex{/usr/share/texmf/pdftex/config/pdftex.cfg}
LaTeX2e <2001/06/01>
Babel <v3.7h> and hyphenation patterns for american, french, german, ngerman, n
ohyphenation, loaded.
(/usr/share/texmf/tex/latex/base/article.cls
Document Class: article 2001/04/21 v1.4e Standard LaTeX document class
(/usr/share/texmf/tex/latex/base/size10.clo
File: size10.clo 2001/04/21 v1.4e Standard LaTeX file (size option)
)
\c@part=\count79
\c@section=\count80
\c@subsection=\count81
\c@subsubsection=\count82
\c@paragraph=\count83
\c@subparagraph=\count84
\c@figure=\count85
\c@table=\count86
\abovecaptionskip=\skip41
\belowcaptionskip=\skip42
\bibindent=\dimen102
)
(/usr/share/texmf/tex/latex/tools/verbatim.sty
Package: verbatim 2001/03/12 v1.5p LaTeX2e package for verbatim enhancements
\every@verbatim=\toks14
\verbatim@line=\toks15
\verbatim@in@stream=\read1
)
(/usr/share/texmf/tex/latex/preprint/fullpage.sty
Package: fullpage 1999/02/23 1.1 (PWD)
\FP@margin=\skip43
)
(/usr/share/texmf/tex/latex/graphics/graphicx.sty
Package: graphicx 1999/02/16 v1.0f Enhanced LaTeX Graphics (DPC,SPQR)

(/usr/share/texmf/tex/latex/graphics/keyval.sty
Package: keyval 1999/03/16 v1.13 key=value parser (DPC)
\KV@toks@=\toks16
)
(/usr/share/texmf/tex/latex/graphics/graphics.sty
Package: graphics 2001/07/07 v1.0n Standard LaTeX Graphics (DPC,SPQR)

(/usr/share/texmf/tex/latex/graphics/trig.sty
Package: trig 1999/03/16 v1.09 sin cos tan (DPC)
)
(/usr/share/texmf/tex/latex/config/graphics.cfg
File: graphics.cfg 2001/08/31 v1.1 graphics configuration of teTeX/TeXLive
)
Package graphics Info: Driver file: pdftex.def on input line 80.

(/usr/share/texmf/tex/latex/graphics/pdftex.def
File: pdftex.def 2002/06/19 v0.03k graphics/color for pdftex
\Gread@gobject=\count87
))
\Gin@req@height=\dimen103
\Gin@req@width=\dimen104
) (./a2.aux)
\openout1 = `a2.aux'.

LaTeX Font Info:    Checking defaults for OML/cmm/m/it on input line 9.
LaTeX Font Info:    ... okay on input line 9.
LaTeX Font Info:    Checking defaults for T1/cmr/m/n on input line 9.
LaTeX Font Info:    ... okay on input line 9.
LaTeX Font Info:    Checking defaults for OT1/cmr/m/n on input line 9.
LaTeX Font Info:    ... okay on input line 9.
LaTeX Font Info:    Checking defaults for OMS/cmsy/m/n on input line 9.
LaTeX Font Info:    ... okay on input line 9.
LaTeX Font Info:    Checking defaults for OMX/cmex/m/n on input line 9.
LaTeX Font Info:    ... okay on input line 9.
LaTeX Font Info:    Checking defaults for U/cmr/m/n on input line 9.
LaTeX Font Info:    ... okay on input line 9.

(/usr/share/texmf/tex/context/base/supp-pdf.tex
(/usr/share/texmf/tex/context/base/supp-mis.tex
loading : Context Support Macros / Missing
\protectiondepth=\count88
\scratchcounter=\count89
\scratchtoks=\toks17
\scratchdimen=\dimen105
\scratchskip=\skip44
\scratchmuskip=\muskip10
\scratchbox=\box26
\scratchread=\read2
\scratchwrite=\write3
\zeropoint=\dimen106
\minusone=\count90
\thousandpoint=\dimen107
\emptytoks=\toks18
\nextbox=\box27
\nextdepth=\dimen108
\everyline=\toks19
\!!counta=\count91
\!!countb=\count92
\recursecounter=\count93
)
loading : Context Support Macros / PDF
\nofMPsegments=\count94
\nofMParguments=\count95
\everyMPtoPDFconversion=\toks20
)
LaTeX Font Info:    External font `cmex10' loaded for size
(Font)              <12> on input line 10.
LaTeX Font Info:    External font `cmex10' loaded for size
(Font)              <8> on input line 10.
LaTeX Font Info:    External font `cmex10' loaded for size
(Font)              <6> on input line 10.
 <a2q1.png, id=1, 1615.44705pt x 1669.29529pt>
File: a2q1.png Graphic file (type png)
 <use a2q1.png>
Overfull \hbox (47.19861pt too wide) in paragraph at lines 13--14
[] 
 []

[1

{/usr/share/texmf/dvips/config/pdftex.map}]
<a2q2a.png, id=15, 420.57124pt x 79.29625pt>
File: a2q2a.png Graphic file (type png)
 <use a2q2a.png> [2 <./a2q1.png>]
<a2q2b.png, id=22, 649.42625pt x 196.735pt>
File: a2q2b.png Graphic file (type png)
 <use a2q2b.png>
<a2q2c.png, id=23, 274.02374pt x 168.63pt>
File: a2q2c.png Graphic file (type png)
 <use a2q2c.png>
<a2q2d.png, id=24, 687.56876pt x 243.91125pt>
File: a2q2d.png Graphic file (type png)
 <use a2q2d.png>
<a2q2e.png, id=25, 496.85625pt x 205.76875pt>
File: a2q2e.png Graphic file (type png)
 <use a2q2e.png> [3 <./a2q2a.png> <./a2q2b.png> <./a2q2c.png> <./a2q2d.png>]
<a2q2f.png, id=29, 592.33058pt x 311.75294pt>
File: a2q2f.png Graphic file (type png)
 <use a2q2f.png>
<a2q3a_new.png, id=30, 938.50626pt x 918.43124pt>
File: a2q3a_new.png Graphic file (type png)
 <use a2q3a_new.png>
Overfull \hbox (46.42502pt too wide) in paragraph at lines 36--37
[] 
 []

[4 <./a2q2e.png> <./a2q2f.png>] [5 <./a2q3a_new.png>] (./a2.aux) ) 
Here is how much of TeX's memory you used:
 977 strings out of 95437
 11801 string characters out of 1190234
 57623 words of memory out of 1000001
 4008 multiletter control sequences out of 10000+50000
 7587 words of font info for 27 fonts, out of 500000 for 1000
 14 hyphenation exceptions out of 1000
 25i,6n,19p,197b,209s stack positions out of 1500i,500n,5000p,200000b,5000s
 36 PDF objects out of 300000
 0 named destinations out of 131072
 40 words of extra memory for PDF output out of 65536
{/usr/share/t
exmf/dvips/tetex/f7b6d320.enc}</usr/share/texmf/fonts/type1/bluesky/cm/cmbx12.p
fb></usr/share/texmf/fonts/type1/bluesky/cm/cmr10.pfb></usr/share/texmf/fonts/t
ype1/bluesky/cm/cmr12.pfb></usr/share/texmf/fonts/type1/bluesky/cm/cmr17.pfb>
Output written on a2.pdf (5 pages, 135309 bytes).
