This is pdfTeX, Version 3.14159-13d (Web2C 7.3.1) (format=pdflatex 2004.5.14)  6 APR 2007 20:48
**readme.tex
(readme.tex[/software/tetex-1.0/data/texmf/pdftex/config/pdftex.cfg]
LaTeX2e <1998/12/01> patch level 1
Babel <v3.6x> and hyphenation patterns for american, french, german, ngerman, n
ohyphenation, loaded.
(/software/tetex-1.0/data/texmf/tex/latex/base/article.cls
Document Class: article 1999/01/07 v1.4a Standard LaTeX document class
(/software/tetex-1.0/data/texmf/tex/latex/base/size11.clo
File: size11.clo 1999/01/07 v1.4a Standard LaTeX file (size option)
)
\c@part=\count79
\c@section=\count80
\c@subsection=\count81
\c@subsubsection=\count82
\c@paragraph=\count83
\c@subparagraph=\count84
\c@figure=\count85
\c@table=\count86
\abovecaptionskip=\skip41
\belowcaptionskip=\skip42
\bibindent=\dimen102
)
(/software/tetex-1.0/data/texmf/tex/latex/amsfonts/amsfonts.sty
Package: amsfonts 1997/09/17 v2.2e
\@emptytoks=\toks14
\symAMSa=\mathgroup4
\symAMSb=\mathgroup5
LaTeX Font Info:    Overwriting math alphabet `\mathfrak' in version `bold'
(Font)                  U/euf/m/n --> U/euf/b/n on input line 133.
)
(/software/tetex-1.0/data/texmf/tex/latex/base/alltt.sty
Package: alltt 1997/06/16 v2.0g defines alltt environment
)
(/software/tetex-1.0/data/texmf/tex/latex/base/inputenc.sty beta test version
Package: inputenc 1998/03/05 v0.97 Input encoding file (test version: still lia
ble to change)

(/software/tetex-1.0/data/texmf/tex/latex/base/latin1.def
File: latin1.def 1998/03/05 v0.97 Input encoding file (test version: still liab
le to change)
))
(/software/tetex-1.0/data/texmf/tex/latex/misc/moreverb.sty
Package: moreverb 1997/12/07 v2.2d.2 `more' verbatim facilities

(/software/tetex-1.0/data/texmf/tex/latex/tools/verbatim.sty
Package: verbatim 1997/04/30 v1.5k LaTeX2e package for verbatim enhancements
\every@verbatim=\toks15
\verbatim@line=\toks16
\verbatim@in@stream=\read1
)
\verbatim@out=\write3
\tab@position=\count87
\tab@size=\count88
\listing@line=\count89
)
(/software/tetex-1.0/data/texmf/tex/latex/graphics/graphicx.sty
Package: graphicx 1999/02/16 v1.0f Enhanced LaTeX Graphics (DPC,SPQR)

(/software/tetex-1.0/data/texmf/tex/latex/graphics/keyval.sty
Package: keyval 1999/03/16 v1.13 key=value parser (DPC)
\KV@toks@=\toks17
)
(/software/tetex-1.0/data/texmf/tex/latex/graphics/graphics.sty
Package: graphics 1999/02/16 v1.0l Standard LaTeX Graphics (DPC,SPQR)

(/software/tetex-1.0/data/texmf/tex/latex/graphics/trig.sty
Package: trig 1999/03/16 v1.09 sin cos tan (DPC)
)
(/software/tetex-1.0/data/texmf/tex/latex/config/graphics.cfg)
Package graphics Info: Driver file: pdftex.def on input line 80.

(/software/tetex-1.0/data/texmf/tex/latex/graphics/pdftex.def
File: pdftex.def 1999/01/26 v0.02l graphics/color for pdftex
\Gread@gobject=\count90
))
\Gin@req@height=\dimen103
\Gin@req@width=\dimen104
)
(/software/tetex-1.0/data/texmf/tex/latex/base/latexsym.sty
Package: latexsym 1998/08/17 v2.2e Standard LaTeX package (lasy symbols)
\symlasy=\mathgroup6
LaTeX Font Info:    Overwriting symbol font `lasy' in version `bold'
(Font)                  U/lasy/m/n --> U/lasy/b/n on input line 29.
)
(/software/tetex-1.0/data/texmf/tex/latex/amslatex/amsmath.sty
Package: amsmath 2000/07/18 v2.13 AMS math features
\@mathmargin=\skip43

For additional information on amsmath, use the `?' option.
(/software/tetex-1.0/data/texmf/tex/latex/amslatex/amstext.sty
Package: amstext 2000/06/29 v2.01

(/software/tetex-1.0/data/texmf/tex/latex/amslatex/amsgen.sty
File: amsgen.sty 1999/11/30 v2.0
\@emptytoks=\toks18
\ex@=\dimen105
))
(/software/tetex-1.0/data/texmf/tex/latex/amslatex/amsbsy.sty
Package: amsbsy 1999/11/29 v1.2d
\pmbraise@=\dimen106
)
(/software/tetex-1.0/data/texmf/tex/latex/amslatex/amsopn.sty
Package: amsopn 1999/12/14 v2.01 operator names
)
\inf@bad=\count91
LaTeX Info: Redefining \frac on input line 211.
\uproot@=\count92
\leftroot@=\count93
LaTeX Info: Redefining \overline on input line 307.
\classnum@=\count94
\DOTSCASE@=\count95
LaTeX Info: Redefining \ldots on input line 379.
LaTeX Info: Redefining \dots on input line 382.
LaTeX Info: Redefining \cdots on input line 467.
\Mathstrutbox@=\box26
\strutbox@=\box27
\big@size=\dimen107
LaTeX Font Info:    Redeclaring font encoding OML on input line 567.
LaTeX Font Info:    Redeclaring font encoding OMS on input line 568.
\macc@depth=\count96
\c@MaxMatrixCols=\count97
\dotsspace@=\muskip10
\c@parentequation=\count98
\dspbrk@lvl=\count99
\tag@help=\toks19
\row@=\count100
\column@=\count101
\maxfields@=\count102
\andhelp@=\toks20
\eqnshift@=\dimen108
\alignsep@=\dimen109
\tagshift@=\dimen110
\tagwidth@=\dimen111
\totwidth@=\dimen112
\lineht@=\dimen113
\@envbody=\toks21
\multlinegap=\skip44
\multlinetaggap=\skip45
\mathdisplay@stack=\toks22
LaTeX Info: Redefining \[ on input line 2666.
LaTeX Info: Redefining \] on input line 2667.
)
(/software/tetex-1.0/data/texmf/tex/latex/misc/fullpage.sty
Style Option FULLPAGE Version 2 as of 15 Dec 1988
) (/software/tetex-1.0/data/texmf/tex/latex/base/textcomp.sty
Package: textcomp 1999/02/24 v1.9t Standard LaTeX package

(/software/tetex-1.0/data/texmf/tex/latex/base/ts1enc.def
File: ts1enc.def 1998/06/12 v3.0d (jk/car/fm) Standard LaTeX file
)) (readme.aux)
\openout1 = `readme.aux'.

LaTeX Font Info:    Checking defaults for OML/cmm/m/it on input line 24.
LaTeX Font Info:    ... okay on input line 24.
LaTeX Font Info:    Checking defaults for T1/cmr/m/n on input line 24.
LaTeX Font Info:    ... okay on input line 24.
LaTeX Font Info:    Checking defaults for OT1/cmr/m/n on input line 24.
LaTeX Font Info:    ... okay on input line 24.
LaTeX Font Info:    Checking defaults for OMS/cmsy/m/n on input line 24.
LaTeX Font Info:    ... okay on input line 24.
LaTeX Font Info:    Checking defaults for OMX/cmex/m/n on input line 24.
LaTeX Font Info:    ... okay on input line 24.
LaTeX Font Info:    Checking defaults for U/cmr/m/n on input line 24.
LaTeX Font Info:    ... okay on input line 24.
LaTeX Font Info:    Checking defaults for TS1/cmr/m/n on input line 24.
LaTeX Font Info:    Try loading font information for TS1+cmr on input line 24.

(/software/tetex-1.0/data/texmf/tex/latex/base/ts1cmr.fd
File: ts1cmr.fd 1998/03/27 v2.5g Standard LaTeX font definitions
)
LaTeX Font Info:    ... okay on input line 24.

(/software/tetex-1.0/data/texmf/tex/context/base/supp-pdf.tex
(/software/tetex-1.0/data/texmf/tex/context/base/supp-mis.tex
loading : Context Support Macros / Missing
\protectiondepth=\count103
\scratchcounter=\count104
\scratchdimen=\dimen114
\scratchskip=\skip46
\scratchmuskip=\muskip11
\scratchbox=\box28
\scratchread=\read2
\scratchwrite=\write4
\nextbox=\box29
\nextdepth=\dimen115
\everyline=\toks23
\!!counta=\count105
\!!countb=\count106
\recursecounter=\count107
)
loading : Context Support Macros / PDF
\nofMPsegments=\count108
\nofMParguments=\count109
)
LaTeX Font Info:    Try loading font information for U+msa on input line 25.
 (/software/tetex-1.0/data/texmf/tex/latex/amsfonts/umsa.fd
File: umsa.fd 1995/01/05 v2.2e AMS font definitions
)
LaTeX Font Info:    Try loading font information for U+msb on input line 25.

(/software/tetex-1.0/data/texmf/tex/latex/amsfonts/umsb.fd
File: umsb.fd 1995/01/05 v2.2e AMS font definitions
)
LaTeX Font Info:    Try loading font information for U+lasy on input line 25.

(/software/tetex-1.0/data/texmf/tex/latex/base/ulasy.fd
File: ulasy.fd 1998/08/17 v2.2eLaTeX symbol font definitions
) (readme.toc)
\tf@toc=\write5
\openout5 = `readme.toc'.


Underfull \hbox (badness 10000) in paragraph at lines 36--37

 []

[1

[/software/tetex-1.0/data/texmf/dvips/config/pdftex.map][/software/tetex-1.0/da
ta/texmf.local/dvips/config/txfonts/txr.map]]
Underfull \hbox (badness 10000) in paragraph at lines 38--39

 []


Underfull \hbox (badness 10000) in paragraph at lines 40--41

 []


Underfull \hbox (badness 10000) in paragraph at lines 47--48

 []

[2] [3] [4]
Underfull \hbox (badness 10000) in paragraph at lines 192--194

 []

[5]
Underfull \hbox (badness 10000) in paragraph at lines 204--205

 []


Underfull \hbox (badness 10000) in paragraph at lines 206--207

 []


Underfull \hbox (badness 10000) in paragraph at lines 208--209

 []


Underfull \hbox (badness 10000) in paragraph at lines 210--211

 []

[6]
Underfull \hbox (badness 10000) in paragraph at lines 213--214

 []


Underfull \hbox (badness 10000) in paragraph at lines 218--219

 []


Underfull \hbox (badness 10000) in paragraph at lines 220--221

 []


Underfull \hbox (badness 10000) in paragraph at lines 226--227

 []

[7]
Underfull \hbox (badness 10000) in paragraph at lines 228--229

 []


Underfull \hbox (badness 10000) in paragraph at lines 234--235

 []


Underfull \hbox (badness 10000) in paragraph at lines 236--237

 []

[8]
Underfull \hbox (badness 10000) in paragraph at lines 238--242

 []


Underfull \hbox (badness 10000) in paragraph at lines 243--244

 []


Underfull \hbox (badness 10000) in paragraph at lines 245--246

 []


Underfull \hbox (badness 10000) in paragraph at lines 247--248

 []


Underfull \hbox (badness 10000) in paragraph at lines 249--250

 []


Underfull \hbox (badness 10000) in paragraph at lines 251--252

 []

[9]
Underfull \hbox (badness 10000) in paragraph at lines 253--254

 []


Underfull \hbox (badness 10000) in paragraph at lines 255--256

 []


Underfull \hbox (badness 10000) in paragraph at lines 263--264

 []


Underfull \hbox (badness 10000) in paragraph at lines 265--267

 []


Underfull \hbox (badness 10000) in paragraph at lines 268--269

 []

[10]
Underfull \hbox (badness 10000) in paragraph at lines 270--271

 []

LaTeX Font Info:    Try loading font information for OMS+cmr on input line 272.

(/software/tetex-1.0/data/texmf/tex/latex/base/omscmr.fd
File: omscmr.fd 1998/03/27 v2.5g Standard LaTeX font definitions
)
LaTeX Font Info:    Font shape `OMS/cmr/m/n' in size <10.95> not available
(Font)              Font shape `OMS/cmsy/m/n' tried instead on input line 272.

Underfull \hbox (badness 10000) in paragraph at lines 272--273

 []


Underfull \hbox (badness 10000) in paragraph at lines 274--275

 []


Underfull \hbox (badness 10000) in paragraph at lines 278--279

 []


Underfull \hbox (badness 10000) in paragraph at lines 280--281

 []

[11] <symbol_table.png 658.93234pt, 915.41998pt, obj 62>
File: symbol_table.png Graphic file (type png)

<use symbol_table.png>
Underfull \hbox (badness 10000) in paragraph at lines 288--289

 []


Underfull \hbox (badness 10000) in paragraph at lines 290--291

 []

[12 <./symbol_table.png>]
Underfull \hbox (badness 10000) in paragraph at lines 292--293

 []


Underfull \hbox (badness 10000) in paragraph at lines 294--295

 []


Underfull \hbox (badness 10000) in paragraph at lines 296--297

 []


Underfull \hbox (badness 10000) in paragraph at lines 299--300

 []


Underfull \hbox (badness 10000) in paragraph at lines 301--302

 []


Underfull \hbox (badness 10000) in paragraph at lines 303--304

 []

[13]
Underfull \hbox (badness 10000) in paragraph at lines 305--306

 []


Underfull \hbox (badness 10000) in paragraph at lines 307--308

 []


Underfull \hbox (badness 10000) in paragraph at lines 309--310

 []


Underfull \hbox (badness 10000) in paragraph at lines 311--312

 []

[14]
Underfull \hbox (badness 10000) in paragraph at lines 316--317

 []


Underfull \hbox (badness 10000) in paragraph at lines 318--319

 []


Underfull \hbox (badness 10000) in paragraph at lines 320--321

 []


Underfull \hbox (badness 10000) in paragraph at lines 322--323

 []

[15]
Underfull \hbox (badness 10000) in paragraph at lines 326--327

 []


Underfull \hbox (badness 10000) in paragraph at lines 333--334

 []

[16] [17] [18] [19] [20] [21] [22] [23] [24] [25] [26] [27]
Overfull \hbox (47.6269pt too wide) in paragraph at lines 366--366
[]          \OT1/cmtt/m/n/10.95 return (self._2_factorial(number = {'all':(numb
er['all'] - 1)}) * number['all'])[] 
 []

[28]
Overfull \hbox (36.12953pt too wide) in paragraph at lines 366--366
[]          \OT1/cmtt/m/n/10.95 for number_to_try in _forwardGen(range(self.sta
rt['all'],self.stop['all']+1)):[] 
 []


Overfull \hbox (53.3756pt too wide) in paragraph at lines 366--366
[]              \OT1/cmtt/m/n/10.95 self.result['all'] = self._2_factorial(numb
er = {'all':number_to_try['all']})[] 
 []


Overfull \hbox (64.87297pt too wide) in paragraph at lines 366--366
[]        \OT1/cmtt/m/n/10.95 self.result['all'] = self._2_factorial(number = {
'all':(2 - self.data_value['all'])})[] 
 []


Overfull \hbox (64.87297pt too wide) in paragraph at lines 366--366
[]        \OT1/cmtt/m/n/10.95 self.result['all'] = self._2_factorial(number = {
'all':(self.data_value['all'] + 3)})[] 
 []


Overfull \hbox (99.3651pt too wide) in paragraph at lines 366--366
[]        \OT1/cmtt/m/n/10.95 self.result['all'] = self._2_factorial(number = {
'all':((2 * self.data_value['all']) - 3)})[] 
 []


Overfull \hbox (116.61116pt too wide) in paragraph at lines 366--366
[]        \OT1/cmtt/m/n/10.95 self.result['all'] = self._2_factorial(number = {
'all':self._2_factorial(number = {'all':3})})[] 
 []

[29] [30] [31] [32]
Overfull \hbox (105.11378pt too wide) in paragraph at lines 380--380
[]          \OT1/cmtt/m/n/10.95 return (self._1_fib(i = {'all':(i['all'] - 1)})
 + self._1_fib(i = {'all':(i['all'] - 2)}))[] 
 []

[33] [34] [35] [36]
Overfull \hbox (283.3231pt too wide) in paragraph at lines 392--392
[]\OT1/cmtt/m/n/10.95 Note: This program writes to standard output a pictorial 
representation of Mandelbrot with artificial colouring using a PPM format.[] 
 []

[37] [38]
Overfull \hbox (24.63216pt too wide) in paragraph at lines 395--395
[]                \OT1/cmtt/m/n/10.95 self.x['all'] = ((float(j['all']) - (400.
0 / 2.0)) / self.zoom['all'])[] 
 []


Overfull \hbox (24.63216pt too wide) in paragraph at lines 395--395
[]                \OT1/cmtt/m/n/10.95 self.y['all'] = ((float(i['all']) - (400.
0 / 2.0)) / self.zoom['all'])[] 
 []


Overfull \hbox (70.62166pt too wide) in paragraph at lines 395--395
[]                    \OT1/cmtt/m/n/10.95 self.y['all'] = (((2.0 * self.x['all'
]) * self.y['all']) + self.y0['all'])[] 
 []


Overfull \hbox (36.12953pt too wide) in paragraph at lines 395--395
[]                    \OT1/cmtt/m/n/10.95 self.x['all'] = ((self.x2['all'] - se
lf.y2['all']) + self.x0['all'])[] 
 []

[39] <correct/brot.png 401.5pt, 401.5pt, obj 184>
File: correct/brot.png Graphic file (type png)
 <use correct/brot.png>
Underfull \hbox (badness 10000) in paragraph at lines 402--403

 []


Underfull \hbox (badness 10000) in paragraph at lines 404--405

 []

[40 <./correct/brot.png>] [41] (readme.aux) ) 
Here is how much of TeX's memory you used:
 2006 strings out of 10631
 25355 string characters out of 268108
 268422 words of memory out of 487467
 4925 multiletter control sequences out of 10000+30000
 15396 words of font info for 62 fonts, out of 400000 for 1000
 14 hyphenation exceptions out of 1000
 27i,8n,22p,1337b,479s stack positions out of 300i,100n,500p,300000b,4000s
<cmmi10.pfb><cmsy10.pfb><cmti9.pfb
><cmti10.pfb><cmmi9.pfb><cmr9.pfb><cmr6.pfb><cmr8.pfb> </software/tetex-1.0/dat
a/generated-fonts/pk/ljfzzzfr/jknappen/tc/tcrm1095.600pk><cmtt10.pfb><cmr10.pfb
><cmbx10.pfb><cmbx12.pfb><cmr12.pfb><cmr17.pfb>
Output written on readme.pdf (41 pages, 240961 bytes).
