This is pdfTeX, Version 3.14159-1.10b (Web2C 7.4.5) (format=pdflatex 2006.5.6)  25 MAY 2006 14:52
**a1.tex
(./a1.tex{/usr/share/texmf/pdftex/config/pdftex.cfg}
LaTeX2e <2001/06/01>
Babel <v3.7h> and hyphenation patterns for american, french, german, ngerman, n
ohyphenation, loaded.
(/usr/share/texmf/tex/latex/base/article.cls
Document Class: article 2001/04/21 v1.4e Standard LaTeX document class
(/usr/share/texmf/tex/latex/base/size10.clo
File: size10.clo 2001/04/21 v1.4e Standard LaTeX file (size option)
)
\c@part=\count79
\c@section=\count80
\c@subsection=\count81
\c@subsubsection=\count82
\c@paragraph=\count83
\c@subparagraph=\count84
\c@figure=\count85
\c@table=\count86
\abovecaptionskip=\skip41
\belowcaptionskip=\skip42
\bibindent=\dimen102
)
(/usr/share/texmf/tex/latex/tools/verbatim.sty
Package: verbatim 2001/03/12 v1.5p LaTeX2e package for verbatim enhancements
\every@verbatim=\toks14
\verbatim@line=\toks15
\verbatim@in@stream=\read1
)
(/usr/share/texmf/tex/latex/graphics/graphicx.sty
Package: graphicx 1999/02/16 v1.0f Enhanced LaTeX Graphics (DPC,SPQR)

(/usr/share/texmf/tex/latex/graphics/keyval.sty
Package: keyval 1999/03/16 v1.13 key=value parser (DPC)
\KV@toks@=\toks16
)
(/usr/share/texmf/tex/latex/graphics/graphics.sty
Package: graphics 2001/07/07 v1.0n Standard LaTeX Graphics (DPC,SPQR)

(/usr/share/texmf/tex/latex/graphics/trig.sty
Package: trig 1999/03/16 v1.09 sin cos tan (DPC)
)
(/usr/share/texmf/tex/latex/config/graphics.cfg
File: graphics.cfg 2001/08/31 v1.1 graphics configuration of teTeX/TeXLive
)
Package graphics Info: Driver file: pdftex.def on input line 80.

(/usr/share/texmf/tex/latex/graphics/pdftex.def
File: pdftex.def 2002/06/19 v0.03k graphics/color for pdftex
\Gread@gobject=\count87
))
\Gin@req@height=\dimen103
\Gin@req@width=\dimen104
) (./a1.aux)
\openout1 = `a1.aux'.

LaTeX Font Info:    Checking defaults for OML/cmm/m/it on input line 8.
LaTeX Font Info:    ... okay on input line 8.
LaTeX Font Info:    Checking defaults for T1/cmr/m/n on input line 8.
LaTeX Font Info:    ... okay on input line 8.
LaTeX Font Info:    Checking defaults for OT1/cmr/m/n on input line 8.
LaTeX Font Info:    ... okay on input line 8.
LaTeX Font Info:    Checking defaults for OMS/cmsy/m/n on input line 8.
LaTeX Font Info:    ... okay on input line 8.
LaTeX Font Info:    Checking defaults for OMX/cmex/m/n on input line 8.
LaTeX Font Info:    ... okay on input line 8.
LaTeX Font Info:    Checking defaults for U/cmr/m/n on input line 8.
LaTeX Font Info:    ... okay on input line 8.

(/usr/share/texmf/tex/context/base/supp-pdf.tex
(/usr/share/texmf/tex/context/base/supp-mis.tex
loading : Context Support Macros / Missing
\protectiondepth=\count88
\scratchcounter=\count89
\scratchtoks=\toks17
\scratchdimen=\dimen105
\scratchskip=\skip43
\scratchmuskip=\muskip10
\scratchbox=\box26
\scratchread=\read2
\scratchwrite=\write3
\zeropoint=\dimen106
\minusone=\count90
\thousandpoint=\dimen107
\emptytoks=\toks18
\nextbox=\box27
\nextdepth=\dimen108
\everyline=\toks19
\!!counta=\count91
\!!countb=\count92
\recursecounter=\count93
)
loading : Context Support Macros / PDF
\nofMPsegments=\count94
\nofMParguments=\count95
\everyMPtoPDFconversion=\toks20
)
LaTeX Font Info:    External font `cmex10' loaded for size
(Font)              <12> on input line 9.
LaTeX Font Info:    External font `cmex10' loaded for size
(Font)              <8> on input line 9.
LaTeX Font Info:    External font `cmex10' loaded for size
(Font)              <6> on input line 9.
 [1

{/usr/share/texmf/dvips/config/pdftex.map}]
<get_mail.png, id=17, 838.13126pt x 385.44pt>
File: get_mail.png Graphic file (type png)
 <use get_mail.png>
Overfull \hbox (32.15558pt too wide) in paragraph at lines 64--65
[] 
 []

[2]
Overfull \hbox (9.86179pt too wide) in paragraph at lines 77--78
[]/cmr10/System logs reser-va-tion com-plete and sends pay-ment in-for-ma-tion 
to database
 []

<make_reservation.png, id=24, 910.40125pt x 487.8225pt>
File: make_reservation.png Graphic file (type png)

<use make_reservation.png>
Overfull \hbox (64.67677pt too wide) in paragraph at lines 83--84
[] 
 []

[3 <./get_mail.png>] <checkout_item.png, id=28, 714.67pt x 321.2pt>
File: checkout_item.png Graphic file (type png)

<use checkout_item.png> [4 <./make_reservation.png>]
<make_reservation(ucd).png, id=32, 401.5pt x 401.5pt>
File: make_reservation(ucd).png Graphic file (type png)

<use make_reservation(ucd).png> <a1q6a.png, id=33, 456.70625pt x 105.39375pt>
File: a1q6a.png Graphic file (type png)

<use a1q6a.png> <a1q6b.png, id=34, 566.82353pt x 521.47765pt>
File: a1q6b.png Graphic file (type png)
 <use a1q6b.png>
[5 <./checkout_item.png> <./make_reservation(ucd).png> <./a1q6a.png>]
<a1q6c.png, id=38, 490.30235pt x 423.70059pt>
File: a1q6c.png Graphic file (type png)
 <use a1q6c.png> [6 <./a1q6b.png> <./a1q6c.png>] (./a1.aux) ) 
Here is how much of TeX's memory you used:
 954 strings out of 95437
 11615 string characters out of 1190234
 58566 words of memory out of 1000001
 3989 multiletter control sequences out of 10000+50000
 7933 words of font info for 28 fonts, out of 500000 for 1000
 14 hyphenation exceptions out of 1000
 25i,6n,19p,197b,262s stack positions out of 1500i,500n,5000p,200000b,5000s
 41 PDF objects out of 300000
 0 named destinations out of 131072
 35 words of extra memory for PDF output out of 65536
{/usr/share/texmf/
dvips/tetex/74afc74c.enc}</usr/share/texmf/fonts/type1/bluesky/cm/cmti10.pfb>{/
usr/share/texmf/dvips/tetex/f7b6d320.enc}</usr/share/texmf/fonts/type1/bluesky/
cm/cmr10.pfb></usr/share/texmf/fonts/type1/bluesky/cm/cmbx12.pfb></usr/share/te
xmf/fonts/type1/bluesky/cm/cmr12.pfb></usr/share/texmf/fonts/type1/bluesky/cm/c
mr17.pfb>
Output written on a1.pdf (6 pages, 92423 bytes).
