This is TeXk, Version 3.14159 (Web2C 7.4.5) (format=latex 2006.6.19)  27 JUN 2006 17:43
 file:line:error style messages enabled.
**/home/npow/cs240/a3/a3.tex
(/home/npow/cs240/a3/a3.tex
LaTeX2e <2001/06/01>
Babel <v3.7h> and hyphenation patterns for american, french, german, ngerman, n
ohyphenation, loaded.
(/usr/share/texmf/tex/latex/base/article.cls
Document Class: article 2001/04/21 v1.4e Standard LaTeX document class
(/usr/share/texmf/tex/latex/base/size10.clo
File: size10.clo 2001/04/21 v1.4e Standard LaTeX file (size option)
)
\c@part=\count79
\c@section=\count80
\c@subsection=\count81
\c@subsubsection=\count82
\c@paragraph=\count83
\c@subparagraph=\count84
\c@figure=\count85
\c@table=\count86
\abovecaptionskip=\skip41
\belowcaptionskip=\skip42
\bibindent=\dimen102
)
(/usr/share/texmf/tex/latex/tools/verbatim.sty
Package: verbatim 2001/03/12 v1.5p LaTeX2e package for verbatim enhancements
\every@verbatim=\toks14
\verbatim@line=\toks15
\verbatim@in@stream=\read1
)
(/usr/share/texmf/tex/latex/graphics/graphicx.sty
Package: graphicx 1999/02/16 v1.0f Enhanced LaTeX Graphics (DPC,SPQR)

(/usr/share/texmf/tex/latex/graphics/keyval.sty
Package: keyval 1999/03/16 v1.13 key=value parser (DPC)
\KV@toks@=\toks16
)
(/usr/share/texmf/tex/latex/graphics/graphics.sty
Package: graphics 2001/07/07 v1.0n Standard LaTeX Graphics (DPC,SPQR)

(/usr/share/texmf/tex/latex/graphics/trig.sty
Package: trig 1999/03/16 v1.09 sin cos tan (DPC)
)
(/usr/share/texmf/tex/latex/config/graphics.cfg
File: graphics.cfg 2001/08/31 v1.1 graphics configuration of teTeX/TeXLive
)
Package graphics Info: Driver file: dvips.def on input line 80.

(/usr/share/texmf/tex/latex/graphics/dvips.def
File: dvips.def 1999/02/16 v3.0i Driver-dependant file (DPC,SPQR)
))
\Gin@req@height=\dimen103
\Gin@req@width=\dimen104
)
(/usr/share/texmf/tex/latex/base/latexsym.sty
Package: latexsym 1998/08/17 v2.2e Standard LaTeX package (lasy symbols)
\symlasy=\mathgroup4
LaTeX Font Info:    Overwriting symbol font `lasy' in version `bold'
(Font)                  U/lasy/m/n --> U/lasy/b/n on input line 42.
)
(/usr/share/texmf/tex/latex/amsmath/amsmath.sty
Package: amsmath 2000/07/18 v2.13 AMS math features
\@mathmargin=\skip43

For additional information on amsmath, use the `?' option.
(/usr/share/texmf/tex/latex/amsmath/amstext.sty
Package: amstext 2000/06/29 v2.01

(/usr/share/texmf/tex/latex/amsmath/amsgen.sty
File: amsgen.sty 1999/11/30 v2.0
\@emptytoks=\toks17
\ex@=\dimen105
))
(/usr/share/texmf/tex/latex/amsmath/amsbsy.sty
Package: amsbsy 1999/11/29 v1.2d
\pmbraise@=\dimen106
)
(/usr/share/texmf/tex/latex/amsmath/amsopn.sty
Package: amsopn 1999/12/14 v2.01 operator names
)
\inf@bad=\count87
LaTeX Info: Redefining \frac on input line 211.
\uproot@=\count88
\leftroot@=\count89
LaTeX Info: Redefining \overline on input line 307.
\classnum@=\count90
\DOTSCASE@=\count91
LaTeX Info: Redefining \ldots on input line 379.
LaTeX Info: Redefining \dots on input line 382.
LaTeX Info: Redefining \cdots on input line 467.
\Mathstrutbox@=\box26
\strutbox@=\box27
\big@size=\dimen107
LaTeX Font Info:    Redeclaring font encoding OML on input line 567.
LaTeX Font Info:    Redeclaring font encoding OMS on input line 568.
\macc@depth=\count92
\c@MaxMatrixCols=\count93
\dotsspace@=\muskip10
\c@parentequation=\count94
\dspbrk@lvl=\count95
\tag@help=\toks18
\row@=\count96
\column@=\count97
\maxfields@=\count98
\andhelp@=\toks19
\eqnshift@=\dimen108
\alignsep@=\dimen109
\tagshift@=\dimen110
\tagwidth@=\dimen111
\totwidth@=\dimen112
\lineht@=\dimen113
\@envbody=\toks20
\multlinegap=\skip44
\multlinetaggap=\skip45
\mathdisplay@stack=\toks21
LaTeX Info: Redefining \[ on input line 2666.
LaTeX Info: Redefining \] on input line 2667.
) (/home/npow/tex/qtree.sty
Package: 2002/11/05 v.2.21 Qtree: tree-drawing for linguistics
Package: qtree 2002/11/05 v.2.21 Qtree: tree-drawing for linguistics
\c@treecount=\count99
\c@branchcount=\count100
\parentbox=\box28
\treebox=\box29
\treeboxone=\box30
\treeboxtwo=\box31
\treeboxthree=\box32
\treeboxfour=\box33
\treeboxfive=\box34
\treeboxsix=\box35
\treeboxseven=\box36
\treeboxeight=\box37
\treeboxnine=\box38
\treeboxten=\box39
\treeboxeleven=\box40
\treeboxtwelve=\box41
\treeboxthirteen=\box42
\treeboxfourteen=\box43
\treeboxfifteen=\box44
\treeboxsixteen=\box45
\treeboxseventeen=\box46
\treeboxeighteen=\box47
\treeboxnineteen=\box48
\treeboxtwenty=\box49
\treeoffsetone=\skip46
\treeoffsettwo=\skip47
\treeoffsetthree=\skip48
\treeoffsetfour=\skip49
\treeoffsetfive=\skip50
\treeoffsetsix=\skip51
\treeoffsetseven=\skip52
\treeoffseteight=\skip53
\treeoffsetnine=\skip54
\treeoffsetten=\skip55
\treeoffseteleven=\skip56
\treeoffsettwelve=\skip57
\treeoffsetthirteen=\skip58
\treeoffsetfourteen=\skip59
\treeoffsetfifteen=\skip60
\treeoffsetsixteen=\skip61
\treeoffsetseventeen=\skip62
\treeoffseteighteen=\skip63
\treeoffsetnineteen=\skip64
\treeoffsettwenty=\skip65
\treeshiftone=\skip66
\treeshifttwo=\skip67
\treeshiftthree=\skip68
\treeshiftfour=\skip69
\treeshiftfive=\skip70
\treeshiftsix=\skip71
\treeshiftseven=\skip72
\treeshifteight=\skip73
\treeshiftnine=\skip74
\treeshiftten=\skip75
\treeshifteleven=\skip76
\treeshifttwelve=\skip77
\treeshiftthirteen=\skip78
\treeshiftfourteen=\skip79
\treeshiftfifteen=\skip80
\treeshiftsixteen=\skip81
\treeshiftseventeen=\skip82
\treeshifteighteen=\skip83
\treeshiftnineteen=\skip84
\treeshifttwenty=\skip85
\treewidthone=\skip86
\treewidthtwo=\skip87
\treewidththree=\skip88
\treewidthfour=\skip89
\treewidthfive=\skip90
\treewidthsix=\skip91
\treewidthseven=\skip92
\treewidtheight=\skip93
\treewidthnine=\skip94
\treewidthten=\skip95
\treewidtheleven=\skip96
\treewidthtwelve=\skip97
\treewidththirteen=\skip98
\treewidthfourteen=\skip99
\treewidthfifteen=\skip100
\treewidthsixteen=\skip101
\treewidthseventeen=\skip102
\treewidtheighteen=\skip103
\treewidthnineteen=\skip104
\treewidthtwenty=\skip105
\daughteroffsetone=\skip106
\daughteroffsettwo=\skip107
\daughteroffsetthree=\skip108
\daughteroffsetfour=\skip109
\branchwidthone=\skip110
\branchwidthtwo=\skip111
\branchwidththree=\skip112
\branchwidthfour=\skip113
\parentoffset=\skip114
\treeoffset=\skip115
\daughteroffset=\skip116
\branchwidth=\skip117
\parentwidth=\skip118
\treewidth=\skip119
\qbog=\dimen114
\qta=\toks22
\qtb=\toks23
\nbranches=\count101
(/usr/share/texmf/tex/latex/eepic/eepic.sty
Extension to Epic and LaTeX. Version 1.1e - Released Dec 21, 1999
\@gphlinewidth=\count102
\@eepictcnt=\count103
\@tempdimc=\dimen115
\maxovaldiam=\dimen116
\@filltype=\box50
)
\qroofx=\count104
\qroofy=\count105
\@qrscratchbox=\box51
) (/usr/share/texmf/tex/latex/preprint/fullpage.sty
Package: fullpage 1999/02/23 1.1 (PWD)
\FP@margin=\skip120
) (./a3.aux)
\openout1 = `a3.aux'.

LaTeX Font Info:    Checking defaults for OML/cmm/m/it on input line 12.
LaTeX Font Info:    ... okay on input line 12.
LaTeX Font Info:    Checking defaults for T1/cmr/m/n on input line 12.
LaTeX Font Info:    ... okay on input line 12.
LaTeX Font Info:    Checking defaults for OT1/cmr/m/n on input line 12.
LaTeX Font Info:    ... okay on input line 12.
LaTeX Font Info:    Checking defaults for OMS/cmsy/m/n on input line 12.
LaTeX Font Info:    ... okay on input line 12.
LaTeX Font Info:    Checking defaults for OMX/cmex/m/n on input line 12.
LaTeX Font Info:    ... okay on input line 12.
LaTeX Font Info:    Checking defaults for U/cmr/m/n on input line 12.
LaTeX Font Info:    ... okay on input line 12.
LaTeX Font Info:    Try loading font information for U+lasy on input line 13.

(/usr/share/texmf/tex/latex/base/ulasy.fd
File: ulasy.fd 1998/08/17 v2.2e LaTeX symbol font definitions
)
Underfull \hbox (badness 10000) in paragraph at lines 17--18

 []


Underfull \hbox (badness 10000) in paragraph at lines 23--30

 []


Underfull \hbox (badness 10000) in paragraph at lines 32--40

 []


Underfull \hbox (badness 10000) in paragraph at lines 42--44

 []

[1

] [2] [3] [4] [5]
Underfull \hbox (badness 10000) in paragraph at lines 117--119

 []


Underfull \hbox (badness 10000) in paragraph at lines 123--125

 []

[6]
Underfull \hbox (badness 10000) in paragraph at lines 127--128

 []


Underfull \hbox (badness 10000) in paragraph at lines 130--131

 []

[7] (./a3.aux) ) 
Here is how much of TeX's memory you used:
 1445 strings out of 95847
 16755 string characters out of 1195948
 97449 words of memory out of 1000001
 4388 multiletter control sequences out of 10000+50000
 9351 words of font info for 38 fonts, out of 500000 for 1000
 14 hyphenation exceptions out of 1000
 27i,8n,20p,236b,543s stack positions out of 1500i,500n,5000p,200000b,5000s

Output written on a3.dvi (7 pages, 28816 bytes).
